<?xml version="1.0" encoding="UTF-8"?>
<testng-results skipped="0" failed="0" total="1" passed="1">
  <reporter-output>
  </reporter-output>
  <suite name="Testing" duration-ms="23" started-at="2016-08-28T06:07:07Z" finished-at="2016-08-28T06:07:07Z">
    <groups>
    </groups>
    <test name="Git" duration-ms="23" started-at="2016-08-28T06:07:07Z" finished-at="2016-08-28T06:07:07Z">
      <class name="gittrial.AppTest">
        <test-method status="PASS" signature="trial()[pri:0, instance:gittrial.AppTest@1a407d53]" name="trial" duration-ms="9" started-at="2016-08-28T11:37:07Z" finished-at="2016-08-28T11:37:07Z">
          <reporter-output>
          </reporter-output>
        </test-method> <!-- trial -->
      </class> <!-- gittrial.AppTest -->
    </test> <!-- Git -->
  </suite> <!-- Testing -->
</testng-results>
