<?xml version="1.0" encoding="UTF-8"?>
<testng-results skipped="0" failed="0" total="1" passed="1">
  <reporter-output>
  </reporter-output>
  <suite name="Testing" duration-ms="28" started-at="2016-08-28T06:06:01Z" finished-at="2016-08-28T06:06:01Z">
    <groups>
    </groups>
    <test name="Git" duration-ms="28" started-at="2016-08-28T06:06:01Z" finished-at="2016-08-28T06:06:01Z">
      <class name="gittrial.AppTest">
        <test-method status="PASS" signature="trial()[pri:0, instance:gittrial.AppTest@8bd1b6a]" name="trial" duration-ms="12" started-at="2016-08-28T11:36:01Z" finished-at="2016-08-28T11:36:01Z">
          <reporter-output>
          </reporter-output>
        </test-method> <!-- trial -->
      </class> <!-- gittrial.AppTest -->
    </test> <!-- Git -->
  </suite> <!-- Testing -->
</testng-results>
